WARNING VCP2597 "Some unconnected ports remain at instance: xpm_fifo_sync_inst. Module xpm_fifo_sync has unconnected  port(s) : almost_full, wr_ack, almost_empty, data_valid." "/edatools/Xilinx/Vivado/2022.1/data/ip/xpm/xpm_fifo/simulation/xpm_fifo_tb.sv" 253  1
WARNING VCP2958 "Parameter VERSION not found." "/edatools/Xilinx/Vivado/2022.1/data/ip/xpm/xpm_fifo/simulation/xpm_fifo_tb.sv" 268  49
WARNING VCP2597 "Some unconnected ports remain at instance: xpm_fifo_async_inst. Module xpm_fifo_async has unconnected  port(s) : almost_full, wr_ack, almost_empty, data_valid." "/edatools/Xilinx/Vivado/2022.1/data/ip/xpm/xpm_fifo/simulation/xpm_fifo_tb.sv" 295  1
WARNING VCP2958 "Parameter VERSION not found." "/edatools/Xilinx/Vivado/2022.1/data/ip/xpm/xpm_fifo/simulation/xpm_fifo_tb.sv" 312  49
WARNING VCP3005 "The implicit event expression list (@*) is empty; the process will never be executed." "/edatools/Xilinx/Vivado/2022.1/data/ip/xpm/xpm_fifo/simulation/xpm_fifo_tb.sv" 503  15
WARNING VCP2900 "Conditional expression 1 at 'if' statement is constant." "/edatools/Xilinx/Vivado/2022.1/data/ip/xpm/xpm_memory/hdl/xpm_memory.sv" 305  1
WARNING VCP2900 "Conditional expression 1'b0==1'b1 at 'if' statement is constant." "/edatools/Xilinx/Vivado/2022.1/data/ip/xpm/xpm_cdc/hdl/xpm_cdc.sv" 237  1
WARNING VCP2900 "Conditional expression 1'b0==1'b1 at 'if' statement is constant." "/edatools/Xilinx/Vivado/2022.1/data/ip/xpm/xpm_cdc/hdl/xpm_cdc.sv" 238  1
WARNING VCP2900 "Conditional expression 1'b0==1'b1 at 'if' statement is constant." "/edatools/Xilinx/Vivado/2022.1/data/ip/xpm/xpm_cdc/hdl/xpm_cdc.sv" 240  1
WARNING VCP2900 "Conditional expression 1'b0==1'b1 at 'if' statement is constant." "/edatools/Xilinx/Vivado/2022.1/data/ip/xpm/xpm_cdc/hdl/xpm_cdc.sv" 241  1
WARNING VCP2900 "Conditional expression 1'b0==1'b1 at 'if' statement is constant." "/edatools/Xilinx/Vivado/2022.1/data/ip/xpm/xpm_cdc/hdl/xpm_cdc.sv" 409  1
WARNING VCP2900 "Conditional expression 1'b0==1'b1 at 'if' statement is constant." "/edatools/Xilinx/Vivado/2022.1/data/ip/xpm/xpm_cdc/hdl/xpm_cdc.sv" 410  1
WARNING VCP2900 "Conditional expression 1'b0==1'b1 at 'if' statement is constant." "/edatools/Xilinx/Vivado/2022.1/data/ip/xpm/xpm_cdc/hdl/xpm_cdc.sv" 412  1
WARNING VCP2900 "Conditional expression 1'b0==1'b1 at 'if' statement is constant." "/edatools/Xilinx/Vivado/2022.1/data/ip/xpm/xpm_cdc/hdl/xpm_cdc.sv" 413  1
WARNING VCP2900 "Conditional expression 1'b0==1'b1 at 'if' statement is constant." "/edatools/Xilinx/Vivado/2022.1/data/ip/xpm/xpm_cdc/hdl/xpm_cdc.sv" 628  1
WARNING VCP2900 "Conditional expression 1'b0==1'b1 at 'if' statement is constant." "/edatools/Xilinx/Vivado/2022.1/data/ip/xpm/xpm_cdc/hdl/xpm_cdc.sv" 629  1
WARNING VCP2900 "Conditional expression 1'b0==1'b1 at 'if' statement is constant." "/edatools/Xilinx/Vivado/2022.1/data/ip/xpm/xpm_cdc/hdl/xpm_cdc.sv" 630  1
WARNING VCP2900 "Conditional expression 1'b0==1'b1 at 'if' statement is constant." "/edatools/Xilinx/Vivado/2022.1/data/ip/xpm/xpm_cdc/hdl/xpm_cdc.sv" 631  1
WARNING VCP2900 "Conditional expression 1'b0==1'b1 at 'if' statement is constant." "/edatools/Xilinx/Vivado/2022.1/data/ip/xpm/xpm_cdc/hdl/xpm_cdc.sv" 632  1
WARNING VCP2900 "Conditional expression 1'b0==1'b1 at 'if' statement is constant." "/edatools/Xilinx/Vivado/2022.1/data/ip/xpm/xpm_cdc/hdl/xpm_cdc.sv" 634  1
WARNING VCP2900 "Conditional expression 1'b0==1'b1 at 'if' statement is constant." "/edatools/Xilinx/Vivado/2022.1/data/ip/xpm/xpm_cdc/hdl/xpm_cdc.sv" 635  1
WARNING VCP2900 "Conditional expression 1'b0==1'b1 at 'if' statement is constant." "/edatools/Xilinx/Vivado/2022.1/data/ip/xpm/xpm_cdc/hdl/xpm_cdc.sv" 636  1
WARNING VCP2900 "Conditional expression 1'b0==1'b1 at 'if' statement is constant." "/edatools/Xilinx/Vivado/2022.1/data/ip/xpm/xpm_cdc/hdl/xpm_cdc.sv" 637  1
WARNING VCP2900 "Conditional expression 1'b0==1'b1 at 'if' statement is constant." "/edatools/Xilinx/Vivado/2022.1/data/ip/xpm/xpm_cdc/hdl/xpm_cdc.sv" 638  1
WARNING VCP2900 "Conditional expression 1'b0==1'b1 at 'if' statement is constant." "/edatools/Xilinx/Vivado/2022.1/data/ip/xpm/xpm_cdc/hdl/xpm_cdc.sv" 1010  1
WARNING VCP2900 "Conditional expression 1'b0==1'b1 at 'if' statement is constant." "/edatools/Xilinx/Vivado/2022.1/data/ip/xpm/xpm_cdc/hdl/xpm_cdc.sv" 1012  1
WARNING VCP2900 "Conditional expression 1'b0==1'b1 at 'if' statement is constant." "/edatools/Xilinx/Vivado/2022.1/data/ip/xpm/xpm_cdc/hdl/xpm_cdc.sv" 1131  1
WARNING VCP2900 "Conditional expression 1'b0==1'b1 at 'if' statement is constant." "/edatools/Xilinx/Vivado/2022.1/data/ip/xpm/xpm_cdc/hdl/xpm_cdc.sv" 1133  1
WARNING VCP2900 "Conditional expression 1'b0==1'b1 at 'if' statement is constant." "/edatools/Xilinx/Vivado/2022.1/data/ip/xpm/xpm_cdc/hdl/xpm_cdc.sv" 1399  1
WARNING VCP2900 "Conditional expression 1'b0==1'b1 at 'if' statement is constant." "/edatools/Xilinx/Vivado/2022.1/data/ip/xpm/xpm_cdc/hdl/xpm_cdc.sv" 1400  1
WARNING VCP2900 "Conditional expression 1'b0==1'b1 at 'if' statement is constant." "/edatools/Xilinx/Vivado/2022.1/data/ip/xpm/xpm_cdc/hdl/xpm_cdc.sv" 1402  1
WARNING VCP2900 "Conditional expression 1'b0==1'b1 at 'if' statement is constant." "/edatools/Xilinx/Vivado/2022.1/data/ip/xpm/xpm_cdc/hdl/xpm_cdc.sv" 1403  1
WARNING VCP2900 "Conditional expression 1'b0==1'b1 at 'if' statement is constant." "/edatools/Xilinx/Vivado/2022.1/data/ip/xpm/xpm_cdc/hdl/xpm_cdc.sv" 1405  1
WARNING VCP2900 "Conditional expression 1'b0==1'b1 at 'if' statement is constant." "/edatools/Xilinx/Vivado/2022.1/data/ip/xpm/xpm_cdc/hdl/xpm_cdc.sv" 1406  1
WARNING VCP2900 "Conditional expression 1'b0==1'b1 at 'if' statement is constant." "/edatools/Xilinx/Vivado/2022.1/data/ip/xpm/xpm_cdc/hdl/xpm_cdc.sv" 1411  1
WARNING VCP2900 "Conditional expression 1'b0==1'b1 at 'if' statement is constant." "/edatools/Xilinx/Vivado/2022.1/data/ip/xpm/xpm_cdc/hdl/xpm_cdc.sv" 1412  1
WARNING VCP2900 "Conditional expression 1'b0==1'b1 at 'if' statement is constant." "/edatools/Xilinx/Vivado/2022.1/data/ip/xpm/xpm_cdc/hdl/xpm_cdc.sv" 1414  1
WARNING VCP2900 "Conditional expression 1'b0==1'b1 at 'if' statement is constant." "/edatools/Xilinx/Vivado/2022.1/data/ip/xpm/xpm_cdc/hdl/xpm_cdc.sv" 1415  1
WARNING VCP2900 "Conditional expression 1'b0==1'b1 at 'if' statement is constant." "/edatools/Xilinx/Vivado/2022.1/data/ip/xpm/xpm_cdc/hdl/xpm_cdc.sv" 1417  1
WARNING VCP2900 "Conditional expression 1'b0==1'b1 at 'if' statement is constant." "/edatools/Xilinx/Vivado/2022.1/data/ip/xpm/xpm_cdc/hdl/xpm_cdc.sv" 1418  1
MESSAGE "Unit top modules: xpm_fifo_axis xpm_fifo_axif xpm_fifo_axil xpm_fifo_tb xpm_memory_dpdistram xpm_memory_dprom xpm_memory_sdpram xpm_memory_spram xpm_memory_sprom xpm_memory_tdpram xpm_cdc_handshake xpm_cdc_pulse xpm_cdc_array_single xpm_cdc_async_rst xpm_cdc_low_latency_handshake."
SUCCESS "Compile success 0 Errors 40 Warnings  Analysis time: 0[s]."
done
