Aldec, Inc. VHDL Compiler, build 2022.10.083
VLM Initialized with path: "/remote/nas/ahome/matre/PCI/BFM_QDR/FPGA/library.cfg".
COMP96 Compile Package "lmb_bram_if_funcs"
COMP96 Compile Package Body "lmb_bram_if_funcs"
COMP96 Compile Entity "MB_LUT6"
COMP96 Compile Architecture "IMP" of Entity "MB_LUT6"
COMP96 Compile Entity "MB_MUXCY"
COMP96 Compile Architecture "IMP" of Entity "MB_MUXCY"
COMP96 Compile Entity "MB_XORCY"
COMP96 Compile Architecture "IMP" of Entity "MB_XORCY"
COMP96 Compile Entity "MB_MUXF7"
COMP96 Compile Architecture "IMP" of Entity "MB_MUXF7"
COMP96 Compile Entity "MB_MUXF8"
COMP96 Compile Architecture "IMP" of Entity "MB_MUXF8"
COMP96 Compile Entity "MB_FDRE"
COMP96 Compile Architecture "IMP" of Entity "MB_FDRE"
COMP96 Compile Entity "XOR18"
COMP96 Compile Architecture "IMP" of Entity "XOR18"
COMP96 Compile Entity "Parity"
COMP96 Compile Architecture "IMP" of Entity "Parity"
COMP96 Compile Entity "ParityEnable"
COMP96 Compile Architecture "IMP" of Entity "ParityEnable"
COMP96 Compile Entity "checkbit_handler"
COMP96 Compile Architecture "IMP" of Entity "checkbit_handler"
COMP96 Compile Entity "Correct_One_Bit"
COMP96 Compile Architecture "IMP" of Entity "Correct_One_Bit"
COMP96 Compile Entity "Correct_One_Bit_64"
COMP96 Compile Architecture "IMP" of Entity "Correct_One_Bit_64"
COMP96 Compile Entity "pselect_mask"
COMP96 Compile Architecture "imp" of Entity "pselect_mask"
COMP96 Compile Entity "axi_interface"
COMP96 Compile Architecture "IMP" of Entity "axi_interface"
COMP96 Compile Entity "lmb_mux"
COMP96 Compile Architecture "imp" of Entity "lmb_mux"
COMP96 Compile Entity "lmb_bram_if_cntlr"
COMP96 Compile Architecture "imp" of Entity "lmb_bram_if_cntlr"
COMP96 Compile success 0 Errors 0 Warnings  Analysis time :  0.4 [s]
